C:\BRUTESOURCE\APPLICATION\WINDOWS\BRUTEMEM\BRUTEMEM\DEBUG\BRUTEMEM.EXE.EMBED.MANIFEST
C:\BRUTESOURCE\APPLICATION\WINDOWS\BRUTEMEM\BRUTEMEM\DEBUG\BRUTEMEM.EXE.EMBED.MANIFEST.RES
C:\BRUTESOURCE\APPLICATION\WINDOWS\BRUTEMEM\BRUTEMEM\DEBUG\BRUTEMEM.EXE.INTERMEDIATE.MANIFEST
C:\BRUTESOURCE\APPLICATION\WINDOWS\BRUTEMEM\BRUTEMEM\DEBUG\BRUTEMEM.OBJ
C:\BRUTESOURCE\APPLICATION\WINDOWS\BRUTEMEM\BRUTEMEM\DEBUG\BRUTEMEM.PCH
C:\BruteSource\Application\Windows\BruteMEM\BruteMEM\Debug\BruteMEM.vcxprojResolveAssemblyReference.cache
C:\BruteSource\Application\Windows\BruteMEM\BruteMEM\Debug\BruteMEM.write.1.tlog
C:\BruteSource\Application\Windows\BruteMEM\BruteMEM\Debug\BruteMEM_manifest.rc
C:\BruteSource\Application\Windows\BruteMEM\BruteMEM\Debug\cl.command.1.tlog
C:\BruteSource\Application\Windows\BruteMEM\BruteMEM\Debug\CL.read.1.tlog
C:\BruteSource\Application\Windows\BruteMEM\BruteMEM\Debug\CL.write.1.tlog
C:\BruteSource\Application\Windows\BruteMEM\BruteMEM\Debug\link.43204.read.1.tlog
C:\BruteSource\Application\Windows\BruteMEM\BruteMEM\Debug\link.43204.write.1.tlog
C:\BruteSource\Application\Windows\BruteMEM\BruteMEM\Debug\link.43204-cvtres.read.1.tlog
C:\BruteSource\Application\Windows\BruteMEM\BruteMEM\Debug\link.43204-cvtres.write.1.tlog
C:\BruteSource\Application\Windows\BruteMEM\BruteMEM\Debug\link.48352.read.1.tlog
C:\BruteSource\Application\Windows\BruteMEM\BruteMEM\Debug\link.48352.write.1.tlog
C:\BruteSource\Application\Windows\BruteMEM\BruteMEM\Debug\link.48352-cvtres.read.1.tlog
C:\BruteSource\Application\Windows\BruteMEM\BruteMEM\Debug\link.48352-cvtres.write.1.tlog
C:\BruteSource\Application\Windows\BruteMEM\BruteMEM\Debug\link.56736.read.1.tlog
C:\BruteSource\Application\Windows\BruteMEM\BruteMEM\Debug\link.56736.write.1.tlog
C:\BruteSource\Application\Windows\BruteMEM\BruteMEM\Debug\link.56736-cvtres.read.1.tlog
C:\BruteSource\Application\Windows\BruteMEM\BruteMEM\Debug\link.56736-cvtres.write.1.tlog
C:\BruteSource\Application\Windows\BruteMEM\BruteMEM\Debug\link.command.1.tlog
C:\BruteSource\Application\Windows\BruteMEM\BruteMEM\Debug\link.read.1.tlog
C:\BruteSource\Application\Windows\BruteMEM\BruteMEM\Debug\link.write.1.tlog
C:\BruteSource\Application\Windows\BruteMEM\BruteMEM\Debug\link-cvtres.read.1.tlog
C:\BruteSource\Application\Windows\BruteMEM\BruteMEM\Debug\link-cvtres.write.1.tlog
C:\BruteSource\Application\Windows\BruteMEM\BruteMEM\Debug\mt.command.1.tlog
C:\BruteSource\Application\Windows\BruteMEM\BruteMEM\Debug\mt.read.1.tlog
C:\BruteSource\Application\Windows\BruteMEM\BruteMEM\Debug\mt.write.1.tlog
C:\BruteSource\Application\Windows\BruteMEM\BruteMEM\Debug\rc.command.1.tlog
C:\BruteSource\Application\Windows\BruteMEM\BruteMEM\Debug\rc.read.1.tlog
C:\BruteSource\Application\Windows\BruteMEM\BruteMEM\Debug\rc.write.1.tlog
C:\BRUTESOURCE\APPLICATION\WINDOWS\BRUTEMEM\BRUTEMEM\DEBUG\STDAFX.OBJ
C:\BruteSource\Application\Windows\BruteMEM\BruteMEM\Debug\vc100.idb
C:\BRUTESOURCE\APPLICATION\WINDOWS\BRUTEMEM\BRUTEMEM\DEBUG\VC100.PDB
C:\BRUTESOURCE\APPLICATION\WINDOWS\BRUTEMEM\DEBUG\BRUTEMEM.EXE
C:\BRUTESOURCE\APPLICATION\WINDOWS\BRUTEMEM\DEBUG\BRUTEMEM.ILK
C:\BRUTESOURCE\APPLICATION\WINDOWS\BRUTEMEM\DEBUG\BRUTEMEM.PDB
