Build started 2/12/2014 2:28:42 PM.
     1>Project "C:\BruteSource\Application\Windows\BruteMEM\BruteMEM\BruteMEM.vcxproj" on node 2 (build target(s)).
     1>InitializeBuildStatus:
         Creating "Debug\BruteMEM.unsuccessfulbuild" because "AlwaysCreate" was specified.
       ClCompile:
         All outputs are up-to-date.
         C:\Program Files (x86)\Microsoft Visual Studio 10.0\VC\bin\CL.exe /c /ZI /nologo /W3 /WX- /Od /Oy- /D WIN32 /D _DEBUG /D _CONSOLE /D _UNICODE /D UNICODE /Gm /EHsc /RTC1 /MDd /GS /fp:precise /Zc:wchar_t /Zc:forScope /Yu"StdAfx.h" /Fp"Debug\BruteMEM.pch" /Fo"Debug\\" /Fd"Debug\vc100.pdb" /Gd /TP /analyze- /errorReport:prompt BruteMEM.cpp
         BruteMEM.cpp
     1>c:\brutesource\application\windows\brutemem\brutemem\brutepool.h(50): warning C4010: single-line comment contains line-continuation character
     1>c:\brutesource\application\windows\brutemem\brutemem\brutepool.h(62): warning C4010: single-line comment contains line-continuation character
     1>c:\brutesource\application\windows\brutemem\brutemem\brutepool.h(59): warning C4101: 'err' : unreferenced local variable
     1>c:\brutesource\application\windows\brutemem\brutemem\brutepool.h(183): warning C4101: 'err' : unreferenced local variable
     1>c:\brutesource\application\windows\brutemem\brutemem\brutepool.h(244): warning C4010: single-line comment contains line-continuation character
     1>c:\brutesource\application\windows\brutemem\brutemem\brutepool.h(254): warning C4018: '<' : signed/unsigned mismatch
     1>c:\brutesource\application\windows\brutemem\brutemem\brutepool.h(260): warning C4010: single-line comment contains line-continuation character
     1>c:\brutesource\application\windows\brutemem\brutemem\brutepool.h(388): warning C4010: single-line comment contains line-continuation character
     1>c:\brutesource\application\windows\brutemem\brutemem\brutepool.h(389): warning C4010: single-line comment contains line-continuation character
     1>c:\brutesource\application\windows\brutemem\brutemem\brutepool.h(390): warning C4010: single-line comment contains line-continuation character
     1>c:\brutesource\application\windows\brutemem\brutemem\brutepool.h(406): warning C4010: single-line comment contains line-continuation character
     1>c:\brutesource\application\windows\brutemem\brutemem\brutepool.h(423): warning C4010: single-line comment contains line-continuation character
     1>c:\brutesource\application\windows\brutemem\brutemem\brutepool.h(434): warning C4018: '<' : signed/unsigned mismatch
     1>c:\brutesource\application\windows\brutemem\brutemem\brutepool.h(478): warning C4018: '<' : signed/unsigned mismatch
     1>c:\brutesource\application\windows\brutemem\brutemem\brutepool.h(497): warning C4010: single-line comment contains line-continuation character
     1>c:\brutesource\application\windows\brutemem\brutemem\brutepool.h(498): warning C4010: single-line comment contains line-continuation character
     1>c:\brutesource\application\windows\brutemem\brutemem\brutepool.h(535): warning C4010: single-line comment contains line-continuation character
     1>c:\brutesource\application\windows\brutemem\brutemem\brutepool.h(536): warning C4010: single-line comment contains line-continuation character
     1>c:\brutesource\application\windows\brutemem\brutemem\brutepool.h(537): warning C4010: single-line comment contains line-continuation character
     1>c:\brutesource\application\windows\brutemem\brutemem\brutepool.h(538): warning C4010: single-line comment contains line-continuation character
     1>c:\brutesource\application\windows\brutemem\brutemem\brutepool.h(539): warning C4010: single-line comment contains line-continuation character
     1>c:\brutesource\application\windows\brutemem\brutemem\brutepool.h(540): warning C4010: single-line comment contains line-continuation character
     1>c:\brutesource\application\windows\brutemem\brutemem\brutepool.h(541): warning C4010: single-line comment contains line-continuation character
     1>c:\brutesource\application\windows\brutemem\brutemem\brutepool.h(542): warning C4010: single-line comment contains line-continuation character
     1>c:\brutesource\application\windows\brutemem\brutemem\brutepool.h(543): warning C4010: single-line comment contains line-continuation character
     1>c:\brutesource\application\windows\brutemem\brutemem\brutepool.h(544): warning C4010: single-line comment contains line-continuation character
     1>c:\brutesource\application\windows\brutemem\brutemem\brutepool.h(545): warning C4010: single-line comment contains line-continuation character
     1>c:\brutesource\application\windows\brutemem\brutemem\brutepool.h(701): warning C4010: single-line comment contains line-continuation character
       ManifestResourceCompile:
         All outputs are up-to-date.
       Link:
         C:\Program Files (x86)\Microsoft Visual Studio 10.0\VC\bin\link.exe /ERRORREPORT:PROMPT /OUT:"C:\BruteSource\Application\Windows\BruteMEM\Debug\BruteMEM.exe" /INCREMENTAL /NOLOGO kernel32.lib user32.lib gdi32.lib winspool.lib comdlg32.lib advapi32.lib shell32.lib ole32.lib oleaut32.lib uuid.lib odbc32.lib odbccp32.lib /MANIFEST /ManifestFile:"Debug\BruteMEM.exe.intermediate.manifest" /MANIFESTUAC:"level='asInvoker' uiAccess='false'" /DEBUG /PDB:"C:\BruteSource\Application\Windows\BruteMEM\Debug\BruteMEM.pdb" /SUBSYSTEM:CONSOLE /TLBID:1 /DYNAMICBASE /NXCOMPAT /IMPLIB:"C:\BruteSource\Application\Windows\BruteMEM\Debug\BruteMEM.lib" /MACHINE:X86 Debug\BruteMEM.exe.embed.manifest.res
         Debug\BruteMEM.obj
         Debug\stdafx.obj
       Manifest:
         C:\Program Files (x86)\Microsoft SDKs\Windows\v7.0A\bin\mt.exe /nologo /verbose /out:"Debug\BruteMEM.exe.embed.manifest" /manifest Debug\BruteMEM.exe.intermediate.manifest
         All outputs are up-to-date.
       LinkEmbedManifest:
         All outputs are up-to-date.
         BruteMEM.vcxproj -> C:\BruteSource\Application\Windows\BruteMEM\Debug\BruteMEM.exe
       FinalizeBuildStatus:
         Deleting file "Debug\BruteMEM.unsuccessfulbuild".
         Touching "Debug\BruteMEM.lastbuildstate".
     1>Done Building Project "C:\BruteSource\Application\Windows\BruteMEM\BruteMEM\BruteMEM.vcxproj" (build target(s)).

Build succeeded.

Time Elapsed 00:00:04.16
