Build started 2/12/2014 2:04:10 PM.
     1>Project "C:\BruteSource\Application\Windows\BruteMEM\BruteMEM\BruteMEM.vcxproj" on node 2 (build target(s)).
     1>InitializeBuildStatus:
         Creating "Release\BruteMEM.unsuccessfulbuild" because "AlwaysCreate" was specified.
       ClCompile:
         All outputs are up-to-date.
         C:\Program Files (x86)\Microsoft Visual Studio 10.0\VC\bin\CL.exe /c /Zi /nologo /W3 /WX- /O2 /Oi /Oy- /GL /D WIN32 /D NDEBUG /D _CONSOLE /D _UNICODE /D UNICODE /Gm- /EHsc /MD /GS /Gy /fp:precise /Zc:wchar_t /Zc:forScope /Yu"StdAfx.h" /Fp"Release\BruteMEM.pch" /Fo"Release\\" /Fd"Release\vc100.pdb" /Gd /TP /analyze- /errorReport:prompt BruteMEM.cpp
         BruteMEM.cpp
     1>c:\brutesource\application\windows\brutemem\brutemem\BrutePool.h(50): warning C4010: single-line comment contains line-continuation character
     1>c:\brutesource\application\windows\brutemem\brutemem\BrutePool.h(62): warning C4010: single-line comment contains line-continuation character
     1>c:\brutesource\application\windows\brutemem\brutemem\BrutePool.h(59): warning C4101: 'err' : unreferenced local variable
     1>c:\brutesource\application\windows\brutemem\brutemem\BrutePool.h(183): warning C4101: 'err' : unreferenced local variable
     1>c:\brutesource\application\windows\brutemem\brutemem\BrutePool.h(244): warning C4010: single-line comment contains line-continuation character
     1>c:\brutesource\application\windows\brutemem\brutemem\BrutePool.h(254): warning C4018: '<' : signed/unsigned mismatch
     1>c:\brutesource\application\windows\brutemem\brutemem\BrutePool.h(260): warning C4010: single-line comment contains line-continuation character
     1>c:\brutesource\application\windows\brutemem\brutemem\BrutePool.h(388): warning C4010: single-line comment contains line-continuation character
     1>c:\brutesource\application\windows\brutemem\brutemem\BrutePool.h(389): warning C4010: single-line comment contains line-continuation character
     1>c:\brutesource\application\windows\brutemem\brutemem\BrutePool.h(390): warning C4010: single-line comment contains line-continuation character
     1>c:\brutesource\application\windows\brutemem\brutemem\BrutePool.h(406): warning C4010: single-line comment contains line-continuation character
     1>c:\brutesource\application\windows\brutemem\brutemem\BrutePool.h(423): warning C4010: single-line comment contains line-continuation character
     1>c:\brutesource\application\windows\brutemem\brutemem\BrutePool.h(434): warning C4018: '<' : signed/unsigned mismatch
     1>c:\brutesource\application\windows\brutemem\brutemem\BrutePool.h(478): warning C4018: '<' : signed/unsigned mismatch
     1>c:\brutesource\application\windows\brutemem\brutemem\BrutePool.h(497): warning C4010: single-line comment contains line-continuation character
     1>c:\brutesource\application\windows\brutemem\brutemem\BrutePool.h(498): warning C4010: single-line comment contains line-continuation character
     1>c:\brutesource\application\windows\brutemem\brutemem\BrutePool.h(535): warning C4010: single-line comment contains line-continuation character
     1>c:\brutesource\application\windows\brutemem\brutemem\BrutePool.h(536): warning C4010: single-line comment contains line-continuation character
     1>c:\brutesource\application\windows\brutemem\brutemem\BrutePool.h(537): warning C4010: single-line comment contains line-continuation character
     1>c:\brutesource\application\windows\brutemem\brutemem\BrutePool.h(538): warning C4010: single-line comment contains line-continuation character
     1>c:\brutesource\application\windows\brutemem\brutemem\BrutePool.h(539): warning C4010: single-line comment contains line-continuation character
     1>c:\brutesource\application\windows\brutemem\brutemem\BrutePool.h(540): warning C4010: single-line comment contains line-continuation character
     1>c:\brutesource\application\windows\brutemem\brutemem\BrutePool.h(541): warning C4010: single-line comment contains line-continuation character
     1>c:\brutesource\application\windows\brutemem\brutemem\BrutePool.h(542): warning C4010: single-line comment contains line-continuation character
     1>c:\brutesource\application\windows\brutemem\brutemem\BrutePool.h(543): warning C4010: single-line comment contains line-continuation character
     1>c:\brutesource\application\windows\brutemem\brutemem\BrutePool.h(544): warning C4010: single-line comment contains line-continuation character
     1>c:\brutesource\application\windows\brutemem\brutemem\BrutePool.h(545): warning C4010: single-line comment contains line-continuation character
     1>c:\brutesource\application\windows\brutemem\brutemem\BrutePool.h(701): warning C4010: single-line comment contains line-continuation character
       Link:
         C:\Program Files (x86)\Microsoft Visual Studio 10.0\VC\bin\link.exe /ERRORREPORT:PROMPT /OUT:"C:\BruteSource\Application\Windows\BruteMEM\Release\BruteMEM.exe" /INCREMENTAL:NO /NOLOGO kernel32.lib user32.lib gdi32.lib winspool.lib comdlg32.lib advapi32.lib shell32.lib ole32.lib oleaut32.lib uuid.lib odbc32.lib odbccp32.lib /MANIFEST /ManifestFile:"Release\BruteMEM.exe.intermediate.manifest" /MANIFESTUAC:"level='asInvoker' uiAccess='false'" /DEBUG /PDB:"C:\BruteSource\Application\Windows\BruteMEM\Release\BruteMEM.pdb" /SUBSYSTEM:CONSOLE /OPT:REF /OPT:ICF /LTCG /TLBID:1 /DYNAMICBASE /NXCOMPAT /IMPLIB:"C:\BruteSource\Application\Windows\BruteMEM\Release\BruteMEM.lib" /MACHINE:X86 Release\BruteMEM.obj
         Release\stdafx.obj
         Generating code
         Finished generating code
         BruteMEM.vcxproj -> C:\BruteSource\Application\Windows\BruteMEM\Release\BruteMEM.exe
       Manifest:
         C:\Program Files (x86)\Microsoft SDKs\Windows\v7.0A\bin\mt.exe /nologo /verbose /outputresource:"C:\BruteSource\Application\Windows\BruteMEM\Release\BruteMEM.exe;#1" /manifest Release\BruteMEM.exe.intermediate.manifest
       FinalizeBuildStatus:
         Deleting file "Release\BruteMEM.unsuccessfulbuild".
         Touching "Release\BruteMEM.lastbuildstate".
     1>Done Building Project "C:\BruteSource\Application\Windows\BruteMEM\BruteMEM\BruteMEM.vcxproj" (build target(s)).

Build succeeded.

Time Elapsed 00:00:02.19
